# JRE version: Java(TM) SE Runtime Environment (8.0_131-b11) (build 1.8.0_131-b11)
# Java VM: Java HotSpot(TM) 64-Bit Server VM (25.131-b11 mixed mode windows-amd64 compressed oops)
Heap:
 PSYoungGen      total 111104K, used 40077K [0x000000076b180000, 0x0000000773680000, 0x00000007c0000000)
  eden space 89088K, 24% used [0x000000076b180000,0x000000076c737388,0x0000000770880000)
  from space 22016K, 81% used [0x0000000771e80000,0x0000000772fec408,0x0000000773400000)
  to   space 22528K, 0% used [0x0000000770880000,0x0000000770880000,0x0000000771e80000)
 ParOldGen       total 111104K, used 25961K [0x00000006c1400000, 0x00000006c8080000, 0x000000076b180000)
  object space 111104K, 23% used [0x00000006c1400000,0x00000006c2d5a708,0x00000006c8080000)
 Metaspace       used 25929K, capacity 26570K, committed 26752K, reserved 1073152K
  class space    used 2971K, capacity 3127K, committed 3200K, reserved 1048576K
GC Heap History (10 events):
Event: 10.960 GC heap before
{Heap before GC invocations=5 (full 0):
 PSYoungGen      total 76288K, used 23851K [0x000000076b180000, 0x0000000770680000, 0x00000007c0000000)
  eden space 65536K, 20% used [0x000000076b180000,0x000000076be4efb8,0x000000076f180000)
  from space 10752K, 99% used [0x000000076fc00000,0x000000077067c010,0x0000000770680000)
  to   space 10752K, 0% used [0x000000076f180000,0x000000076f180000,0x000000076fc00000)
 ParOldGen       total 175104K, used 4236K [0x00000006c1400000, 0x00000006cbf00000, 0x000000076b180000)
  object space 175104K, 2% used [0x00000006c1400000,0x00000006c18232f8,0x00000006cbf00000)
 Metaspace       used 20751K, capacity 21172K, committed 21248K, reserved 1069056K
  class space    used 2446K, capacity 2558K, committed 2560K, reserved 1048576K
Event: 10.986 GC heap after
Heap after GC invocations=5 (full 0):
 PSYoungGen      total 76288K, used 10728K [0x000000076b180000, 0x0000000770680000, 0x00000007c0000000)
  eden space 65536K, 0% used [0x000000076b180000,0x000000076b180000,0x000000076f180000)
  from space 10752K, 99% used [0x000000076f180000,0x000000076fbfa278,0x000000076fc00000)
  to   space 10752K, 0% used [0x000000076fc00000,0x000000076fc00000,0x0000000770680000)
 ParOldGen       total 175104K, used 5600K [0x00000006c1400000, 0x00000006cbf00000, 0x000000076b180000)
  object space 175104K, 3% used [0x00000006c1400000,0x00000006c19781d0,0x00000006cbf00000)
 Metaspace       used 20751K, capacity 21172K, committed 21248K, reserved 1069056K
  class space    used 2446K, capacity 2558K, committed 2560K, reserved 1048576K
}
Event: 10.986 GC heap before
{Heap before GC invocations=6 (full 1):
 PSYoungGen      total 76288K, used 10728K [0x000000076b180000, 0x0000000770680000, 0x00000007c0000000)
  eden space 65536K, 0% used [0x000000076b180000,0x000000076b180000,0x000000076f180000)
  from space 10752K, 99% used [0x000000076f180000,0x000000076fbfa278,0x000000076fc00000)
  to   space 10752K, 0% used [0x000000076fc00000,0x000000076fc00000,0x0000000770680000)
 ParOldGen       total 175104K, used 5600K [0x00000006c1400000, 0x00000006cbf00000, 0x000000076b180000)
  object space 175104K, 3% used [0x00000006c1400000,0x00000006c19781d0,0x00000006cbf00000)
 Metaspace       used 20751K, capacity 21172K, committed 21248K, reserved 1069056K
  class space    used 2446K, capacity 2558K, committed 2560K, reserved 1048576K
Event: 11.130 GC heap after
Heap after GC invocations=6 (full 1):
 PSYoungGen      total 76288K, used 0K [0x000000076b180000, 0x0000000770680000, 0x00000007c0000000)
  eden space 65536K, 0% used [0x000000076b180000,0x000000076b180000,0x000000076f180000)
  from space 10752K, 0% used [0x000000076f180000,0x000000076f180000,0x000000076fc00000)
  to   space 10752K, 0% used [0x000000076fc00000,0x000000076fc00000,0x0000000770680000)
 ParOldGen       total 111104K, used 14898K [0x00000006c1400000, 0x00000006c8080000, 0x000000076b180000)
  object space 111104K, 13% used [0x00000006c1400000,0x00000006c228caa0,0x00000006c8080000)
 Metaspace       used 20751K, capacity 21172K, committed 21248K, reserved 1069056K
  class space    used 2446K, capacity 2558K, committed 2560K, reserved 1048576K
}
Event: 12.183 GC heap before
{Heap before GC invocations=7 (full 1):
 PSYoungGen      total 76288K, used 65536K [0x000000076b180000, 0x0000000770680000, 0x00000007c0000000)
  eden space 65536K, 100% used [0x000000076b180000,0x000000076f180000,0x000000076f180000)
  from space 10752K, 0% used [0x000000076f180000,0x000000076f180000,0x000000076fc00000)
  to   space 10752K, 0% used [0x000000076fc00000,0x000000076fc00000,0x0000000770680000)
 ParOldGen       total 111104K, used 14898K [0x00000006c1400000, 0x00000006c8080000, 0x000000076b180000)
  object space 111104K, 13% used [0x00000006c1400000,0x00000006c228caa0,0x00000006c8080000)
 Metaspace       used 21721K, capacity 22178K, committed 22400K, reserved 1069056K
  class space    used 2540K, capacity 2656K, committed 2688K, reserved 1048576K
Event: 12.207 GC heap after
Heap after GC invocations=7 (full 1):
 PSYoungGen      total 68096K, used 10750K [0x000000076b180000, 0x0000000773c80000, 0x00000007c0000000)
  eden space 57344K, 0% used [0x000000076b180000,0x000000076b180000,0x000000076e980000)
  from space 10752K, 99% used [0x000000076fc00000,0x000000077067f938,0x0000000770680000)
  to   space 18944K, 0% used [0x000000076e980000,0x000000076e980000,0x000000076fc00000)
 ParOldGen       total 111104K, used 24659K [0x00000006c1400000, 0x00000006c8080000, 0x000000076b180000)
  object space 111104K, 22% used [0x00000006c1400000,0x00000006c2c14e38,0x00000006c8080000)
 Metaspace       used 21721K, capacity 22178K, committed 22400K, reserved 1069056K
  class space    used 2540K, capacity 2656K, committed 2688K, reserved 1048576K
}
Event: 14.085 GC heap before
{Heap before GC invocations=8 (full 1):
 PSYoungGen      total 68096K, used 68094K [0x000000076b180000, 0x0000000773c80000, 0x00000007c0000000)
  eden space 57344K, 100% used [0x000000076b180000,0x000000076e980000,0x000000076e980000)
  from space 10752K, 99% used [0x000000076fc00000,0x000000077067f938,0x0000000770680000)
  to   space 18944K, 0% used [0x000000076e980000,0x000000076e980000,0x000000076fc00000)
 ParOldGen       total 111104K, used 24659K [0x00000006c1400000, 0x00000006c8080000, 0x000000076b180000)
  object space 111104K, 22% used [0x00000006c1400000,0x00000006c2c14e38,0x00000006c8080000)
 Metaspace       used 22880K, capacity 23408K, committed 23552K, reserved 1071104K
  class space    used 2644K, capacity 2786K, committed 2816K, reserved 1048576K
Event: 14.099 GC heap after
Heap after GC invocations=8 (full 1):
 PSYoungGen      total 76288K, used 18912K [0x000000076b180000, 0x0000000773400000, 0x00000007c0000000)
  eden space 57344K, 0% used [0x000000076b180000,0x000000076b180000,0x000000076e980000)
  from space 18944K, 99% used [0x000000076e980000,0x000000076fbf8360,0x000000076fc00000)
  to   space 22016K, 0% used [0x0000000771e80000,0x0000000771e80000,0x0000000773400000)
 ParOldGen       total 111104K, used 25953K [0x00000006c1400000, 0x00000006c8080000, 0x000000076b180000)
  object space 111104K, 23% used [0x00000006c1400000,0x00000006c2d58708,0x00000006c8080000)
 Metaspace       used 22880K, capacity 23408K, committed 23552K, reserved 1071104K
  class space    used 2644K, capacity 2786K, committed 2816K, reserved 1048576K
}
Event: 15.305 GC heap before
{Heap before GC invocations=9 (full 1):
 PSYoungGen      total 76288K, used 76256K [0x000000076b180000, 0x0000000773400000, 0x00000007c0000000)
  eden space 57344K, 100% used [0x000000076b180000,0x000000076e980000,0x000000076e980000)
  from space 18944K, 99% used [0x000000076e980000,0x000000076fbf8360,0x000000076fc00000)
  to   space 22016K, 0% used [0x0000000771e80000,0x0000000771e80000,0x0000000773400000)
 ParOldGen       total 111104K, used 25953K [0x00000006c1400000, 0x00000006c8080000, 0x000000076b180000)
  object space 111104K, 23% used [0x00000006c1400000,0x00000006c2d58708,0x00000006c8080000)
 Metaspace       used 24145K, capacity 24680K, committed 24960K, reserved 1071104K
  class space    used 2751K, capacity 2885K, committed 2944K, reserved 1048576K
Event: 15.336 GC heap after
Heap after GC invocations=9 (full 1):
 PSYoungGen      total 111104K, used 17841K [0x000000076b180000, 0x0000000773680000, 0x00000007c0000000)
  eden space 89088K, 0% used [0x000000076b180000,0x000000076b180000,0x0000000770880000)
  from space 22016K, 81% used [0x0000000771e80000,0x0000000772fec408,0x0000000773400000)
  to   space 22528K, 0% used [0x0000000770880000,0x0000000770880000,0x0000000771e80000)
 ParOldGen       total 111104K, used 25961K [0x00000006c1400000, 0x00000006c8080000, 0x000000076b180000)
  object space 111104K, 23% used [0x00000006c1400000,0x00000006c2d5a708,0x00000006c8080000)
 Metaspace       used 24145K, capacity 24680K, committed 24960K, reserved 1071104K
  class space    used 2751K, capacity 2885K, committed 2944K, reserved 1048576K
}

